###############################################################################
#                                                                             #
# IAR C/C++ Compiler V8.10.3.10338/W32 for 8051         13/Feb/2014  17:09:09 #
# Copyright 2004-2011 IAR Systems AB.                                         #
#                                                                             #
#    Core               =  plain                                              #
#    Code model         =  banked                                             #
#    Data model         =  large                                              #
#    Calling convention =  xdata reentrant                                    #
#    Constant location  =  data_rom                                           #
#    Dptr setup         =  1,16                                               #
#    Source file        =  C:\Users\OurEDA\Documents\Tencent                  #
#                          Files\1534143789\FileRecv\ZStack-CC2530-2.5.1a\ZSt #
#                          ack-CC2530-2.5.1a\Projects\zstack\Samples\07GPS_EN #
#                          DDB\CC2530DB\EW9EF8.tmp                            #
#    Command line       =  -f "C:\Users\OurEDA\Documents\Tencent              #
#                          Files\1534143789\FileRecv\ZStack-CC2530-2.5.1a\ZSt #
#                          ack-CC2530-2.5.1a\Projects\zstack\Samples\07GPS_EN #
#                          DDB\CC2530DB\..\..\..\Tools\CC2530DB\f8wEndev.cfg" #
#                           (-DCPU32MHZ -DROOT=__near_func                    #
#                          -DMAC_CFG_TX_DATA_MAX=3 -DMAC_CFG_TX_MAX=6         #
#                          -DMAC_CFG_RX_MAX=3) -f "C:\Users\OurEDA\Documents\ #
#                          Tencent Files\1534143789\FileRecv\ZStack-CC2530-2. #
#                          5.1a\ZStack-CC2530-2.5.1a\Projects\zstack\Samples\ #
#                          07GPS_ENDDB\CC2530DB\..\..\..\Tools\CC2530DB\f8wCo #
#                          nfig.cfg" (-DZIGBEEPRO -DSECURE=0                  #
#                          -DZG_SECURE_DYNAMIC=0 -DREFLECTOR                  #
#                          -DDEFAULT_CHANLIST=0x00000800                      #
#                          -DZDAPP_CONFIG_PAN_ID=0xFFFF                       #
#                          -DNWK_START_DELAY=100 -DEXTENDED_JOINING_RANDOM_MA #
#                          SK=0x007F -DBEACON_REQUEST_DELAY=100               #
#                          -DBEACON_REQ_DELAY_MASK=0x00FF                     #
#                          -DLINK_STATUS_JITTER_MASK=0x007F                   #
#                          -DROUTE_EXPIRY_TIME=30 -DAPSC_ACK_WAIT_DURATION_PO #
#                          LLED=3000 -DNWK_INDIRECT_MSG_TIMEOUT=7             #
#                          -DMAX_RREQ_ENTRIES=8 -DAPSC_MAX_FRAME_RETRIES=3    #
#                          -DNWK_MAX_DATA_RETRIES=2                           #
#                          -DMAX_POLL_FAILURE_RETRIES=2 -DMAX_BCAST=9         #
#                          -DAPS_MAX_GROUPS=16 -DMAX_RTG_ENTRIES=40           #
#                          -DNWK_MAX_BINDING_ENTRIES=4                        #
#                          -DMAX_BINDING_CLUSTER_IDS=4 "-DDEFAULT_KEY={0x01,  #
#                          0x03, 0x05, 0x07, 0x09, 0x0B, 0x0D, 0x0F, 0x00,    #
#                          0x02, 0x04, 0x06, 0x08, 0x0A, 0x0C, 0x0D}"         #
#                          -DMAC_MAX_FRAME_SIZE=116                           #
#                          -DZDNWKMGR_MIN_TRANSMISSIONS=20 "-DCONST=const     #
#                          __code" -DGENERIC=__generic                        #
#                          -DRFD_RCVC_ALWAYS_ON=FALSE -DPOLL_RATE=1000        #
#                          -DQUEUED_POLL_RATE=100 -DRESPONSE_POLL_RATE=100)   #
#                          -DREJOIN_POLL_RATE=440 "C:\Users\OurEDA\Documents\ #
#                          Tencent Files\1534143789\FileRecv\ZStack-CC2530-2. #
#                          5.1a\ZStack-CC2530-2.5.1a\Projects\zstack\Samples\ #
#                          07GPS_ENDDB\CC2530DB\EW9EF8.tmp" -D NWK_AUTO_POLL  #
#                          -D ZTOOL_P1 -D MT_TASK -D MT_SYS_FUNC -D           #
#                          MT_ZDO_FUNC -D LCD_SUPPORTED=DEBUG -D              #
#                          xPOWER_SAVING -lC "C:\Users\OurEDA\Documents\Tence #
#                          nt Files\1534143789\FileRecv\ZStack-CC2530-2.5.1a\ #
#                          ZStack-CC2530-2.5.1a\Projects\zstack\Samples\07GPS #
#                          _ENDDB\CC2530DB\EndDeviceEB\List\" -lA             #
#                          "C:\Users\OurEDA\Documents\Tencent                 #
#                          Files\1534143789\FileRecv\ZStack-CC2530-2.5.1a\ZSt #
#                          ack-CC2530-2.5.1a\Projects\zstack\Samples\07GPS_EN #
#                          DDB\CC2530DB\EndDeviceEB\List\" --diag_suppress    #
#                          Pe001,Pa010 -o "C:\Users\OurEDA\Documents\Tencent  #
#                          Files\1534143789\FileRecv\ZStack-CC2530-2.5.1a\ZSt #
#                          ack-CC2530-2.5.1a\Projects\zstack\Samples\07GPS_EN #
#                          DDB\CC2530DB\EndDeviceEB\Obj\" -e                  #
#                          --no_code_motion --debug --core=plain --dptr=16,1  #
#                          --data_model=large --code_model=banked             #
#                          --calling_convention=xdata_reentrant               #
#                          --place_constants=data_rom --nr_virtual_regs 16    #
#                          -I "C:\Users\OurEDA\Documents\Tencent              #
#                          Files\1534143789\FileRecv\ZStack-CC2530-2.5.1a\ZSt #
#                          ack-CC2530-2.5.1a\Projects\zstack\Samples\07GPS_EN #
#                          DDB\CC2530DB\" -I "C:\Users\OurEDA\Documents\Tence #
#                          nt Files\1534143789\FileRecv\ZStack-CC2530-2.5.1a\ #
#                          ZStack-CC2530-2.5.1a\Projects\zstack\Samples\07GPS #
#                          _ENDDB\CC2530DB\..\Source\" -I                     #
#                          "C:\Users\OurEDA\Documents\Tencent                 #
#                          Files\1534143789\FileRecv\ZStack-CC2530-2.5.1a\ZSt #
#                          ack-CC2530-2.5.1a\Projects\zstack\Samples\07GPS_EN #
#                          DDB\CC2530DB\..\..\..\ZMain\TI2530DB\" -I          #
#                          "C:\Users\OurEDA\Documents\Tencent                 #
#                          Files\1534143789\FileRecv\ZStack-CC2530-2.5.1a\ZSt #
#                          ack-CC2530-2.5.1a\Projects\zstack\Samples\07GPS_EN #
#                          DDB\CC2530DB\..\..\..\..\..\Components\hal\include #
#                          \" -I "C:\Users\OurEDA\Documents\Tencent           #
#                          Files\1534143789\FileRecv\ZStack-CC2530-2.5.1a\ZSt #
#                          ack-CC2530-2.5.1a\Projects\zstack\Samples\07GPS_EN #
#                          DDB\CC2530DB\..\..\..\..\..\Components\hal\target\ #
#                          CC2530EB\" -I "C:\Users\OurEDA\Documents\Tencent   #
#                          Files\1534143789\FileRecv\ZStack-CC2530-2.5.1a\ZSt #
#                          ack-CC2530-2.5.1a\Projects\zstack\Samples\07GPS_EN #
#                          DDB\CC2530DB\..\..\..\..\..\Components\mac\include #
#                          \" -I "C:\Users\OurEDA\Documents\Tencent           #
#                          Files\1534143789\FileRecv\ZStack-CC2530-2.5.1a\ZSt #
#                          ack-CC2530-2.5.1a\Projects\zstack\Samples\07GPS_EN #
#                          DDB\CC2530DB\..\..\..\..\..\Components\mac\high_le #
#                          vel\" -I "C:\Users\OurEDA\Documents\Tencent        #
#                          Files\1534143789\FileRecv\ZStack-CC2530-2.5.1a\ZSt #
#                          ack-CC2530-2.5.1a\Projects\zstack\Samples\07GPS_EN #
#                          DDB\CC2530DB\..\..\..\..\..\Components\mac\low_lev #
#                          el\srf04\" -I "C:\Users\OurEDA\Documents\Tencent   #
#                          Files\1534143789\FileRecv\ZStack-CC2530-2.5.1a\ZSt #
#                          ack-CC2530-2.5.1a\Projects\zstack\Samples\07GPS_EN #
#                          DDB\CC2530DB\..\..\..\..\..\Components\mac\low_lev #
#                          el\srf04\single_chip\" -I                          #
#                          "C:\Users\OurEDA\Documents\Tencent                 #
#                          Files\1534143789\FileRecv\ZStack-CC2530-2.5.1a\ZSt #
#                          ack-CC2530-2.5.1a\Projects\zstack\Samples\07GPS_EN #
#                          DDB\CC2530DB\..\..\..\..\..\Components\mt\" -I     #
#                          "C:\Users\OurEDA\Documents\Tencent                 #
#                          Files\1534143789\FileRecv\ZStack-CC2530-2.5.1a\ZSt #
#                          ack-CC2530-2.5.1a\Projects\zstack\Samples\07GPS_EN #
#                          DDB\CC2530DB\..\..\..\..\..\Components\osal\includ #
#                          e\" -I "C:\Users\OurEDA\Documents\Tencent          #
#                          Files\1534143789\FileRecv\ZStack-CC2530-2.5.1a\ZSt #
#                          ack-CC2530-2.5.1a\Projects\zstack\Samples\07GPS_EN #
#                          DDB\CC2530DB\..\..\..\..\..\Components\services\sa #
#                          ddr\" -I "C:\Users\OurEDA\Documents\Tencent        #
#                          Files\1534143789\FileRecv\ZStack-CC2530-2.5.1a\ZSt #
#                          ack-CC2530-2.5.1a\Projects\zstack\Samples\07GPS_EN #
#                          DDB\CC2530DB\..\..\..\..\..\Components\services\sd #
#                          ata\" -I "C:\Users\OurEDA\Documents\Tencent        #
#                          Files\1534143789\FileRecv\ZStack-CC2530-2.5.1a\ZSt #
#                          ack-CC2530-2.5.1a\Projects\zstack\Samples\07GPS_EN #
#                          DDB\CC2530DB\..\..\..\..\..\Components\stack\af\"  #
#                          -I "C:\Users\OurEDA\Documents\Tencent              #
#                          Files\1534143789\FileRecv\ZStack-CC2530-2.5.1a\ZSt #
#                          ack-CC2530-2.5.1a\Projects\zstack\Samples\07GPS_EN #
#                          DDB\CC2530DB\..\..\..\..\..\Components\stack\nwk\" #
#                           -I "C:\Users\OurEDA\Documents\Tencent             #
#                          Files\1534143789\FileRecv\ZStack-CC2530-2.5.1a\ZSt #
#                          ack-CC2530-2.5.1a\Projects\zstack\Samples\07GPS_EN #
#                          DDB\CC2530DB\..\..\..\..\..\Components\stack\sapi\ #
#                          " -I "C:\Users\OurEDA\Documents\Tencent            #
#                          Files\1534143789\FileRecv\ZStack-CC2530-2.5.1a\ZSt #
#                          ack-CC2530-2.5.1a\Projects\zstack\Samples\07GPS_EN #
#                          DDB\CC2530DB\..\..\..\..\..\Components\stack\sec\" #
#                           -I "C:\Users\OurEDA\Documents\Tencent             #
#                          Files\1534143789\FileRecv\ZStack-CC2530-2.5.1a\ZSt #
#                          ack-CC2530-2.5.1a\Projects\zstack\Samples\07GPS_EN #
#                          DDB\CC2530DB\..\..\..\..\..\Components\stack\sys\" #
#                           -I "C:\Users\OurEDA\Documents\Tencent             #
#                          Files\1534143789\FileRecv\ZStack-CC2530-2.5.1a\ZSt #
#                          ack-CC2530-2.5.1a\Projects\zstack\Samples\07GPS_EN #
#                          DDB\CC2530DB\..\..\..\..\..\Components\stack\zdo\" #
#                           -I "C:\Users\OurEDA\Documents\Tencent             #
#                          Files\1534143789\FileRecv\ZStack-CC2530-2.5.1a\ZSt #
#                          ack-CC2530-2.5.1a\Projects\zstack\Samples\07GPS_EN #
#                          DDB\CC2530DB\..\..\..\..\..\Components\zmac\" -I   #
#                          "C:\Users\OurEDA\Documents\Tencent                 #
#                          Files\1534143789\FileRecv\ZStack-CC2530-2.5.1a\ZSt #
#                          ack-CC2530-2.5.1a\Projects\zstack\Samples\07GPS_EN #
#                          DDB\CC2530DB\..\..\..\..\..\Components\zmac\f8w\"  #
#                          -Ohz --predef_macros "C:\Users\OurEDA\Documents\Te #
#                          ncent Files\1534143789\FileRecv\ZStack-CC2530-2.5. #
#                          1a\ZStack-CC2530-2.5.1a\Projects\zstack\Samples\07 #
#                          GPS_ENDDB\CC2530DB\EW9EF7.tmp"                     #
#    List file          =  C:\Users\OurEDA\Documents\Tencent                  #
#                          Files\1534143789\FileRecv\ZStack-CC2530-2.5.1a\ZSt #
#                          ack-CC2530-2.5.1a\Projects\zstack\Samples\07GPS_EN #
#                          DDB\CC2530DB\EndDeviceEB\List\EW9EF8.lst           #
#    Object file        =  C:\Users\OurEDA\Documents\Tencent                  #
#                          Files\1534143789\FileRecv\ZStack-CC2530-2.5.1a\ZSt #
#                          ack-CC2530-2.5.1a\Projects\zstack\Samples\07GPS_EN #
#                          DDB\CC2530DB\EndDeviceEB\Obj\EW9EF8.r51            #
#                                                                             #
#                                                                             #
###############################################################################



 
 
 0 bytes of memory

Errors: none
Warnings: none
